<?xml version="1.0" encoding="UTF-8"?>
<!-- Generated by org.testng.reporters.JUnitReportReporter -->
<testsuite hostname="DESKTOP-GKPSUJA" failures="0" tests="4" name="test.LoginTest" time="3.704" errors="0" timestamp="2023-02-07T11:32:56 IST" skipped="0">
  <testcase classname="test.LoginTest" name="verifyTitleOfBuild" time="0.024"/>
  <system-out/>
  <testcase classname="test.LoginTest" name="verifyTitleofPage" time="0.919"/>
  <system-out/>
  <testcase classname="test.LoginTest" name="verifyCurrentUrlofPage" time="0.014"/>
  <system-out/>
  <testcase classname="test.LoginTest" name="verifyLoginWithCorrectCredentials" time="2.747"/>
  <system-out/>
</testsuite> <!-- test.LoginTest -->
