<?xml version="1.0" encoding="UTF-8"?>
<!-- Generated by org.testng.reporters.JUnitReportReporter -->
<testsuite hostname="DESKTOP-GKPSUJA" failures="0" tests="4" name="test2.LoginTest2" time="4.924" errors="0" timestamp="2023-02-07T17:41:31 IST" skipped="0">
  <testcase classname="test2.LoginTest2" name="verifyTitleOfBuild" time="1.819"/>
  <system-out/>
  <testcase classname="test2.LoginTest2" name="verifyTitleofPage" time="0.066"/>
  <system-out/>
  <testcase classname="test2.LoginTest2" name="verifyCurrentUrlofPage" time="0.107"/>
  <system-out/>
  <testcase classname="test2.LoginTest2" name="verifyLoginWithCorrectCredentials" time="2.932"/>
  <system-out/>
</testsuite> <!-- test2.LoginTest2 -->
